[2020-09-18 13:54:44 +0000] [1] [INFO] Starting gunicorn 20.0.4
[2020-09-18 13:54:44 +0000] [1] [INFO] Listening at: http://0.0.0.0:5000 (1)
[2020-09-18 13:54:44 +0000] [1] [INFO] Using worker: sync
[2020-09-18 13:54:44 +0000] [7] [INFO] Booting worker with pid: 7
[2020-09-18 13:54:44 +0000] [8] [INFO] Booting worker with pid: 8
[2020-09-18 13:54:45 +0000] [9] [INFO] Booting worker with pid: 9
[2020-09-18 13:54:53 +0000] [1] [INFO] Handling signal: term
[2020-09-18 13:54:54 +0000] [1] [INFO] Shutting down: Master
[2020-09-18 13:55:38 +0000] [1] [INFO] Starting gunicorn 20.0.4
[2020-09-18 13:55:38 +0000] [1] [INFO] Listening at: http://0.0.0.0:5000 (1)
[2020-09-18 13:55:38 +0000] [1] [INFO] Using worker: sync
[2020-09-18 13:55:38 +0000] [7] [INFO] Booting worker with pid: 7
[2020-09-18 13:55:38 +0000] [8] [INFO] Booting worker with pid: 8
[2020-09-18 13:55:38 +0000] [9] [INFO] Booting worker with pid: 9
[2020-09-18 17:36:57 +0000] [1] [INFO] Handling signal: term
[2020-09-18 17:36:58 +0000] [1] [INFO] Shutting down: Master
[2020-09-19 15:07:46 +0000] [1] [INFO] Starting gunicorn 20.0.4
[2020-09-19 15:07:46 +0000] [1] [INFO] Listening at: http://0.0.0.0:5000 (1)
[2020-09-19 15:07:46 +0000] [1] [INFO] Using worker: sync
[2020-09-19 15:07:46 +0000] [7] [INFO] Booting worker with pid: 7
[2020-09-19 15:07:46 +0000] [8] [INFO] Booting worker with pid: 8
[2020-09-19 15:07:46 +0000] [9] [INFO] Booting worker with pid: 9
[2020-09-19 15:08:31 +0000] [1] [INFO] Handling signal: term
[2020-09-19 15:08:31 +0000] [1] [INFO] Shutting down: Master
[2020-09-19 15:08:37 +0000] [1] [INFO] Starting gunicorn 20.0.4
[2020-09-19 15:08:37 +0000] [1] [INFO] Listening at: http://0.0.0.0:5000 (1)
[2020-09-19 15:08:37 +0000] [1] [INFO] Using worker: sync
[2020-09-19 15:08:37 +0000] [7] [INFO] Booting worker with pid: 7
[2020-09-19 15:08:37 +0000] [8] [INFO] Booting worker with pid: 8
[2020-09-19 15:08:37 +0000] [9] [INFO] Booting worker with pid: 9
[2020-09-19 15:11:28 +0000] [1] [INFO] Handling signal: term
[2020-09-19 15:11:28 +0000] [1] [INFO] Shutting down: Master
[2020-09-19 15:14:30 +0000] [1] [INFO] Starting gunicorn 20.0.4
[2020-09-19 15:14:30 +0000] [1] [INFO] Listening at: http://0.0.0.0:5000 (1)
[2020-09-19 15:14:30 +0000] [1] [INFO] Using worker: gevent
[2020-09-19 15:14:30 +0000] [7] [INFO] Booting worker with pid: 7
[2020-09-19 15:14:30 +0000] [8] [INFO] Booting worker with pid: 8
[2020-09-19 15:14:30 +0000] [9] [INFO] Booting worker with pid: 9
[2020-09-19 15:18:25 +0000] [1] [INFO] Handling signal: term
[2020-09-19 15:18:25 +0000] [1] [INFO] Shutting down: Master
[2020-09-19 15:18:26 +0000] [1] [INFO] Starting gunicorn 20.0.4
[2020-09-19 15:18:26 +0000] [1] [INFO] Listening at: http://0.0.0.0:5000 (1)
[2020-09-19 15:18:26 +0000] [1] [INFO] Using worker: gevent
[2020-09-19 15:18:26 +0000] [7] [INFO] Booting worker with pid: 7
[2020-09-19 15:18:26 +0000] [8] [INFO] Booting worker with pid: 8
[2020-09-19 15:18:26 +0000] [9] [INFO] Booting worker with pid: 9
[2020-09-19 15:19:30 +0000] [1] [INFO] Handling signal: term
[2020-09-19 15:19:31 +0000] [1] [INFO] Shutting down: Master
[2020-09-19 15:19:32 +0000] [1] [INFO] Starting gunicorn 20.0.4
[2020-09-19 15:19:32 +0000] [1] [INFO] Listening at: http://0.0.0.0:5000 (1)
[2020-09-19 15:19:32 +0000] [1] [INFO] Using worker: gevent
[2020-09-19 15:19:32 +0000] [7] [INFO] Booting worker with pid: 7
[2020-09-19 15:19:32 +0000] [8] [INFO] Booting worker with pid: 8
[2020-09-19 15:19:32 +0000] [9] [INFO] Booting worker with pid: 9
[2020-09-19 16:26:16 +0000] [1] [INFO] Handling signal: term
[2020-09-19 16:26:17 +0000] [1] [INFO] Shutting down: Master
[2020-09-19 16:26:18 +0000] [1] [INFO] Starting gunicorn 20.0.4
[2020-09-19 16:26:18 +0000] [1] [INFO] Listening at: http://0.0.0.0:5000 (1)
[2020-09-19 16:26:18 +0000] [1] [INFO] Using worker: gevent
[2020-09-19 16:26:18 +0000] [7] [INFO] Booting worker with pid: 7
[2020-09-19 16:26:18 +0000] [8] [INFO] Booting worker with pid: 8
[2020-09-19 16:26:18 +0000] [9] [INFO] Booting worker with pid: 9
[2020-09-19 17:16:03 +0000] [1] [INFO] Handling signal: term
[2020-09-19 17:16:04 +0000] [1] [INFO] Shutting down: Master
[2020-09-19 17:16:05 +0000] [1] [INFO] Starting gunicorn 20.0.4
[2020-09-19 17:16:05 +0000] [1] [INFO] Listening at: http://0.0.0.0:5000 (1)
[2020-09-19 17:16:05 +0000] [1] [INFO] Using worker: sync
[2020-09-19 17:16:05 +0000] [7] [INFO] Booting worker with pid: 7
[2020-09-19 17:16:05 +0000] [8] [INFO] Booting worker with pid: 8
[2020-09-19 17:16:05 +0000] [9] [INFO] Booting worker with pid: 9
[2020-09-19 17:16:08 +0000] [1] [INFO] Shutting down: Master
[2020-09-19 17:16:08 +0000] [1] [INFO] Reason: Worker failed to boot.
[2020-09-19 17:17:03 +0000] [1] [INFO] Starting gunicorn 20.0.4
[2020-09-19 17:17:03 +0000] [1] [INFO] Listening at: http://0.0.0.0:5000 (1)
[2020-09-19 17:17:03 +0000] [1] [INFO] Using worker: sync
[2020-09-19 17:17:03 +0000] [7] [INFO] Booting worker with pid: 7
[2020-09-19 17:17:03 +0000] [8] [INFO] Booting worker with pid: 8
[2020-09-19 17:17:03 +0000] [9] [INFO] Booting worker with pid: 9
[2020-09-19 17:45:05 +0000] [1] [INFO] Handling signal: term
[2020-09-19 17:45:05 +0000] [1] [INFO] Shutting down: Master
[2020-09-19 17:45:06 +0000] [1] [INFO] Starting gunicorn 20.0.4
[2020-09-19 17:45:06 +0000] [1] [INFO] Listening at: http://0.0.0.0:5000 (1)
[2020-09-19 17:45:06 +0000] [1] [INFO] Using worker: sync
[2020-09-19 17:45:06 +0000] [7] [INFO] Booting worker with pid: 7
[2020-09-19 17:45:06 +0000] [8] [INFO] Booting worker with pid: 8
[2020-09-19 17:45:06 +0000] [9] [INFO] Booting worker with pid: 9
[2020-09-19 17:45:44 +0000] [1] [INFO] Handling signal: term
[2020-09-19 17:45:45 +0000] [1] [INFO] Shutting down: Master
[2020-09-19 17:45:46 +0000] [1] [INFO] Starting gunicorn 20.0.4
[2020-09-19 17:45:46 +0000] [1] [INFO] Listening at: http://0.0.0.0:5000 (1)
[2020-09-19 17:45:46 +0000] [1] [INFO] Using worker: sync
[2020-09-19 17:45:46 +0000] [7] [INFO] Booting worker with pid: 7
[2020-09-19 17:45:46 +0000] [8] [INFO] Booting worker with pid: 8
[2020-09-19 17:45:46 +0000] [9] [INFO] Booting worker with pid: 9
[2020-09-19 17:46:00 +0000] [1] [INFO] Handling signal: term
[2020-09-19 17:46:00 +0000] [1] [INFO] Shutting down: Master
[2020-09-19 17:46:02 +0000] [1] [INFO] Starting gunicorn 20.0.4
[2020-09-19 17:46:02 +0000] [1] [INFO] Listening at: http://0.0.0.0:5000 (1)
[2020-09-19 17:46:02 +0000] [1] [INFO] Using worker: sync
[2020-09-19 17:46:02 +0000] [7] [INFO] Booting worker with pid: 7
[2020-09-19 17:46:02 +0000] [8] [INFO] Booting worker with pid: 8
[2020-09-19 17:46:02 +0000] [9] [INFO] Booting worker with pid: 9
[2020-09-19 17:47:49 +0000] [1] [INFO] Handling signal: term
[2020-09-19 17:47:50 +0000] [1] [INFO] Shutting down: Master
[2020-09-19 17:47:51 +0000] [1] [INFO] Starting gunicorn 20.0.4
[2020-09-19 17:47:51 +0000] [1] [INFO] Listening at: http://0.0.0.0:5000 (1)
[2020-09-19 17:47:51 +0000] [1] [INFO] Using worker: sync
[2020-09-19 17:47:51 +0000] [7] [INFO] Booting worker with pid: 7
[2020-09-19 17:47:51 +0000] [8] [INFO] Booting worker with pid: 8
[2020-09-19 17:47:52 +0000] [9] [INFO] Booting worker with pid: 9
[2020-09-19 17:48:11 +0000] [1] [INFO] Handling signal: term
[2020-09-19 17:48:11 +0000] [1] [INFO] Shutting down: Master
[2020-09-19 17:48:13 +0000] [1] [INFO] Starting gunicorn 20.0.4
[2020-09-19 17:48:13 +0000] [1] [INFO] Listening at: http://0.0.0.0:5000 (1)
[2020-09-19 17:48:13 +0000] [1] [INFO] Using worker: sync
[2020-09-19 17:48:13 +0000] [7] [INFO] Booting worker with pid: 7
[2020-09-19 17:48:13 +0000] [8] [INFO] Booting worker with pid: 8
[2020-09-19 17:48:13 +0000] [9] [INFO] Booting worker with pid: 9
[2020-09-19 17:49:18 +0000] [1] [INFO] Handling signal: term
[2020-09-19 17:49:19 +0000] [1] [INFO] Shutting down: Master
[2020-09-19 17:49:47 +0000] [1] [INFO] Starting gunicorn 20.0.4
[2020-09-19 17:49:47 +0000] [1] [INFO] Listening at: http://0.0.0.0:5000 (1)
[2020-09-19 17:49:47 +0000] [1] [INFO] Using worker: sync
[2020-09-19 17:49:47 +0000] [7] [INFO] Booting worker with pid: 7
[2020-09-19 17:49:47 +0000] [8] [INFO] Booting worker with pid: 8
[2020-09-19 17:49:47 +0000] [9] [INFO] Booting worker with pid: 9
[2020-09-19 17:51:40 +0000] [1] [INFO] Handling signal: term
[2020-09-19 17:51:40 +0000] [1] [INFO] Shutting down: Master
[2020-09-19 17:51:41 +0000] [1] [INFO] Starting gunicorn 20.0.4
[2020-09-19 17:51:41 +0000] [1] [INFO] Listening at: http://0.0.0.0:5000 (1)
[2020-09-19 17:51:41 +0000] [1] [INFO] Using worker: sync
[2020-09-19 17:51:41 +0000] [7] [INFO] Booting worker with pid: 7
[2020-09-19 17:51:41 +0000] [8] [INFO] Booting worker with pid: 8
[2020-09-19 17:51:41 +0000] [9] [INFO] Booting worker with pid: 9
[2020-09-19 17:52:16 +0000] [1] [INFO] Handling signal: term
[2020-09-19 17:52:16 +0000] [1] [INFO] Shutting down: Master
[2020-09-19 17:52:51 +0000] [1] [INFO] Starting gunicorn 20.0.4
[2020-09-19 17:52:51 +0000] [1] [INFO] Listening at: http://0.0.0.0:5000 (1)
[2020-09-19 17:52:51 +0000] [1] [INFO] Using worker: gevent
[2020-09-19 17:52:51 +0000] [7] [INFO] Booting worker with pid: 7
[2020-09-19 17:52:51 +0000] [8] [INFO] Booting worker with pid: 8
[2020-09-19 17:52:51 +0000] [9] [INFO] Booting worker with pid: 9
[2020-09-19 17:56:11 +0000] [1] [INFO] Handling signal: term
[2020-09-19 17:56:12 +0000] [1] [INFO] Shutting down: Master
[2020-09-19 17:56:14 +0000] [1] [INFO] Starting gunicorn 20.0.4
[2020-09-19 17:56:14 +0000] [1] [INFO] Listening at: http://0.0.0.0:5000 (1)
[2020-09-19 17:56:14 +0000] [1] [INFO] Using worker: gevent
[2020-09-19 17:56:14 +0000] [7] [INFO] Booting worker with pid: 7
[2020-09-19 17:56:14 +0000] [8] [INFO] Booting worker with pid: 8
[2020-09-19 17:56:14 +0000] [9] [INFO] Booting worker with pid: 9
